app/build/outputs/logs/manifest-merger-debug-report.txt
-- Merging decision tree log ---
manifest
ADDED from AndroidManifest.xml:2:1
	package
		ADDED from AndroidManifest.xml:3:5
		INJECTED from AndroidManifest.xml:0:0
		INJECTED from AndroidManifest.xml:0:0
	android:versionName
		ADDED from AndroidManifest.xml:5:5
	android:versionCode
		ADDED from AndroidManifest.xml:4:5
		INJECTED from AndroidManifest.xml:0:0
		INJECTED from AndroidManifest.xml:0:0
	xmlns:android
		ADDED from AndroidManifest.xml:2:11
uses-sdk
ADDED from AndroidManifest.xml:34:5
	android:targetSdkVersion
		ADDED from AndroidManifest.xml:36:9
		INJECTED from AndroidManifest.xml:0:0
		INJECTED from AndroidManifest.xml:0:0
	android:minSdkVersion
		ADDED from AndroidManifest.xml:35:9
		INJECTED from AndroidManifest.xml:0:0
		INJECTED from AndroidManifest.xml:0:0
uses-feature#android.hardware.wifi
ADDED from AndroidManifest.xml:39:1
	android:required
		ADDED from AndroidManifest.xml:39:52
	android:name
		ADDED from AndroidManifest.xml:39:15
uses-permission#android.permission.ACCESS_WIFI_STATE
ADDED from AndroidManifest.xml:41:1
	android:name
		ADDED from AndroidManifest.xml:41:18
uses-permission#android.permission.CHANGE_WIFI_STATE
ADDED from AndroidManifest.xml:42:1
	android:name
		ADDED from AndroidManifest.xml:42:18
uses-permission#android.permission.ACCESS_SUPERUSER
ADDED from AndroidManifest.xml:44:5
	android:name
		ADDED from AndroidManifest.xml:44:22
uses-permission#android.permission.INTERNET
ADDED from AndroidManifest.xml:45:5
	android:name
		ADDED from AndroidManifest.xml:45:22
uses-permission#android.permission.READ_PHONE_STATE
ADDED from AndroidManifest.xml:46:5
	android:name
		ADDED from AndroidManifest.xml:46:22
uses-permission#android.permission.BROADCAST_STICKY
ADDED from AndroidManifest.xml:47:5
	android:name
		ADDED from AndroidManifest.xml:47:22
uses-permission#android.permission.BLUETOOTH
ADDED from AndroidManifest.xml:48:5
	android:name
		ADDED from AndroidManifest.xml:48:22
uses-permission#android.permission.BLUETOOTH_ADMIN
ADDED from AndroidManifest.xml:49:5
	android:name
		ADDED from AndroidManifest.xml:49:22
uses-permission#android.permission.WRITE_EXTERNAL_STORAGE
ADDED from AndroidManifest.xml:50:5
	android:name
		ADDED from AndroidManifest.xml:50:22
uses-permission#android.permission.MODIFY_AUDIO_SETTINGS
ADDED from AndroidManifest.xml:51:5
	android:name
		ADDED from AndroidManifest.xml:51:22
uses-permission#android.permission.RECORD_AUDIO
ADDED from AndroidManifest.xml:52:5
	android:name
		ADDED from AndroidManifest.xml:52:22
uses-permission#android.permission.WRITE_SETTINGS
ADDED from AndroidManifest.xml:53:5
	android:name
		ADDED from AndroidManifest.xml:53:22
uses-permission#android.permission.SYSTEM_ALERT_WINDOW
ADDED from AndroidManifest.xml:54:5
	android:name
		ADDED from AndroidManifest.xml:54:22
application
ADDED from AndroidManifest.xml:69:5
	android:label
		ADDED from AndroidManifest.xml:72:9
	android:allowBackup
		ADDED from AndroidManifest.xml:70:9
	android:icon
		ADDED from AndroidManifest.xml:71:9
	android:theme
		ADDED from AndroidManifest.xml:73:9
activity#fm.a2d.sf.gui.gui_act
ADDED from AndroidManifest.xml:115:9
	android:screenOrientation
		ADDED from AndroidManifest.xml:118:13
	android:launchMode
		ADDED from AndroidManifest.xml:117:5
	android:name
		ADDED from AndroidManifest.xml:116:13
intent-filter#android.intent.action.MAIN+android.intent.category.LAUNCHER
ADDED from AndroidManifest.xml:119:13
action#android.intent.action.MAIN
ADDED from AndroidManifest.xml:120:17
	android:name
		ADDED from AndroidManifest.xml:120:25
category#android.intent.category.LAUNCHER
ADDED from AndroidManifest.xml:121:17
	android:name
		ADDED from AndroidManifest.xml:121:27
activity#fm.a2d.sf.gui.SettingsActivity
ADDED from AndroidManifest.xml:143:5
	android:label
		ADDED from AndroidManifest.xml:145:5
	android:name
		ADDED from AndroidManifest.xml:144:5
intent-filter#android.intent.action.MAIN
ADDED from AndroidManifest.xml:149:7
service#fm.a2d.sf.service.RadioService
ADDED from AndroidManifest.xml:167:5
	android:enabled
		ADDED from AndroidManifest.xml:171:7
	android:process
		ADDED from AndroidManifest.xml:169:1
	android:label
		ADDED from AndroidManifest.xml:170:7
	android:exported
		ADDED from AndroidManifest.xml:172:7
	android:name
		ADDED from AndroidManifest.xml:168:7
intent-filter#fm.a2d.sf.action.set
ADDED from AndroidManifest.xml:174:7
action#fm.a2d.sf.action.set
ADDED from AndroidManifest.xml:175:17
	android:name
		ADDED from AndroidManifest.xml:175:25
receiver#fm.a2d.sf.service.svc_bcr
ADDED from AndroidManifest.xml:191:9
	android:name
		ADDED from AndroidManifest.xml:191:19
intent-filter#android.intent.action.MEDIA_BUTTON
ADDED from AndroidManifest.xml:192:13
	android:priority
		ADDED from AndroidManifest.xml:192:28
action#android.intent.action.MEDIA_BUTTON
ADDED from AndroidManifest.xml:193:17
	android:name
		ADDED from AndroidManifest.xml:193:25
intent-filter#android.media.AUDIO_BECOMING_NOISY
ADDED from AndroidManifest.xml:205:13
action#android.media.AUDIO_BECOMING_NOISY
ADDED from AndroidManifest.xml:206:17
	android:name
		ADDED from AndroidManifest.xml:206:25